<?xml version="1.0" encoding="UTF-8"?>
<testsuite xmlns:xsi="http://www.w3.org/2001/XMLSchema-instance" xsi:noNamespaceSchemaLocation="https://maven.apache.org/surefire/maven-surefire-plugin/xsd/surefire-test-report-3.0.xsd" version="3.0" name="com.myapp.server.MyappserverApplicationTests" time="4.395" tests="1" errors="0" skipped="0" failures="0">
  <properties>
    <property name="java.specification.version" value="22"/>
    <property name="sun.cpu.isalist" value="amd64"/>
    <property name="sun.jnu.encoding" value="GBK"/>
    <property name="java.class.path" value="D:\Git\myappserver\target\test-classes;D:\Git\myappserver\target\classes;D:\MAVEN_repository\org\springframework\boot\spring-boot-starter-data-jdbc\3.1.2\spring-boot-starter-data-jdbc-3.1.2.jar;D:\MAVEN_repository\org\springframework\data\spring-data-jdbc\3.1.2\spring-data-jdbc-3.1.2.jar;D:\MAVEN_repository\org\springframework\data\spring-data-relational\3.1.2\spring-data-relational-3.1.2.jar;D:\MAVEN_repository\org\springframework\data\spring-data-commons\3.1.2\spring-data-commons-3.1.2.jar;D:\MAVEN_repository\org\springframework\spring-tx\6.0.11\spring-tx-6.0.11.jar;D:\MAVEN_repository\org\springframework\spring-context\6.0.11\spring-context-6.0.11.jar;D:\MAVEN_repository\org\springframework\spring-beans\6.0.11\spring-beans-6.0.11.jar;D:\MAVEN_repository\org\slf4j\slf4j-api\2.0.7\slf4j-api-2.0.7.jar;D:\MAVEN_repository\org\springframework\boot\spring-boot-starter-jdbc\3.1.2\spring-boot-starter-jdbc-3.1.2.jar;D:\MAVEN_repository\org\springframework\boot\spring-boot-starter\3.1.2\spring-boot-starter-3.1.2.jar;D:\MAVEN_repository\org\springframework\boot\spring-boot\3.1.2\spring-boot-3.1.2.jar;D:\MAVEN_repository\org\springframework\boot\spring-boot-starter-logging\3.1.2\spring-boot-starter-logging-3.1.2.jar;D:\MAVEN_repository\ch\qos\logback\logback-classic\1.4.8\logback-classic-1.4.8.jar;D:\MAVEN_repository\ch\qos\logback\logback-core\1.4.8\logback-core-1.4.8.jar;D:\MAVEN_repository\org\apache\logging\log4j\log4j-to-slf4j\2.20.0\log4j-to-slf4j-2.20.0.jar;D:\MAVEN_repository\org\apache\logging\log4j\log4j-api\2.20.0\log4j-api-2.20.0.jar;D:\MAVEN_repository\org\slf4j\jul-to-slf4j\2.0.7\jul-to-slf4j-2.0.7.jar;D:\MAVEN_repository\jakarta\annotation\jakarta.annotation-api\2.1.1\jakarta.annotation-api-2.1.1.jar;D:\MAVEN_repository\org\yaml\snakeyaml\1.33\snakeyaml-1.33.jar;D:\MAVEN_repository\com\zaxxer\HikariCP\5.0.1\HikariCP-5.0.1.jar;D:\MAVEN_repository\org\springframework\spring-jdbc\6.0.11\spring-jdbc-6.0.11.jar;D:\MAVEN_repository\org\springframework\boot\spring-boot-starter-web\3.1.2\spring-boot-starter-web-3.1.2.jar;D:\MAVEN_repository\org\springframework\boot\spring-boot-starter-json\3.1.2\spring-boot-starter-json-3.1.2.jar;D:\MAVEN_repository\com\fasterxml\jackson\datatype\jackson-datatype-jdk8\2.15.2\jackson-datatype-jdk8-2.15.2.jar;D:\MAVEN_repository\com\fasterxml\jackson\datatype\jackson-datatype-jsr310\2.15.2\jackson-datatype-jsr310-2.15.2.jar;D:\MAVEN_repository\com\fasterxml\jackson\module\jackson-module-parameter-names\2.15.2\jackson-module-parameter-names-2.15.2.jar;D:\MAVEN_repository\org\springframework\boot\spring-boot-starter-tomcat\3.1.2\spring-boot-starter-tomcat-3.1.2.jar;D:\MAVEN_repository\org\apache\tomcat\embed\tomcat-embed-core\10.1.11\tomcat-embed-core-10.1.11.jar;D:\MAVEN_repository\org\apache\tomcat\embed\tomcat-embed-el\10.1.11\tomcat-embed-el-10.1.11.jar;D:\MAVEN_repository\org\apache\tomcat\embed\tomcat-embed-websocket\10.1.11\tomcat-embed-websocket-10.1.11.jar;D:\MAVEN_repository\org\springframework\spring-web\6.0.11\spring-web-6.0.11.jar;D:\MAVEN_repository\io\micrometer\micrometer-observation\1.11.2\micrometer-observation-1.11.2.jar;D:\MAVEN_repository\io\micrometer\micrometer-commons\1.11.2\micrometer-commons-1.11.2.jar;D:\MAVEN_repository\org\springframework\spring-webmvc\6.0.11\spring-webmvc-6.0.11.jar;D:\MAVEN_repository\org\springframework\spring-aop\6.0.11\spring-aop-6.0.11.jar;D:\MAVEN_repository\org\springframework\spring-expression\6.0.11\spring-expression-6.0.11.jar;D:\MAVEN_repository\com\mysql\mysql-connector-j\8.0.33\mysql-connector-j-8.0.33.jar;D:\MAVEN_repository\org\projectlombok\lombok\1.18.30\lombok-1.18.30.jar;D:\MAVEN_repository\org\springframework\boot\spring-boot-starter-test\3.1.2\spring-boot-starter-test-3.1.2.jar;D:\MAVEN_repository\org\springframework\boot\spring-boot-test\3.1.2\spring-boot-test-3.1.2.jar;D:\MAVEN_repository\org\springframework\boot\spring-boot-test-autoconfigure\3.1.2\spring-boot-test-autoconfigure-3.1.2.jar;D:\MAVEN_repository\com\jayway\jsonpath\json-path\2.8.0\json-path-2.8.0.jar;D:\MAVEN_repository\jakarta\xml\bind\jakarta.xml.bind-api\4.0.0\jakarta.xml.bind-api-4.0.0.jar;D:\MAVEN_repository\jakarta\activation\jakarta.activation-api\2.1.2\jakarta.activation-api-2.1.2.jar;D:\MAVEN_repository\net\minidev\json-smart\2.4.11\json-smart-2.4.11.jar;D:\MAVEN_repository\net\minidev\accessors-smart\2.4.11\accessors-smart-2.4.11.jar;D:\MAVEN_repository\org\ow2\asm\asm\9.3\asm-9.3.jar;D:\MAVEN_repository\org\assertj\assertj-core\3.24.2\assertj-core-3.24.2.jar;D:\MAVEN_repository\net\bytebuddy\byte-buddy\1.14.5\byte-buddy-1.14.5.jar;D:\MAVEN_repository\org\hamcrest\hamcrest\2.2\hamcrest-2.2.jar;D:\MAVEN_repository\org\junit\jupiter\junit-jupiter\5.9.3\junit-jupiter-5.9.3.jar;D:\MAVEN_repository\org\junit\jupiter\junit-jupiter-api\5.9.3\junit-jupiter-api-5.9.3.jar;D:\MAVEN_repository\org\opentest4j\opentest4j\1.2.0\opentest4j-1.2.0.jar;D:\MAVEN_repository\org\junit\platform\junit-platform-commons\1.9.3\junit-platform-commons-1.9.3.jar;D:\MAVEN_repository\org\apiguardian\apiguardian-api\1.1.2\apiguardian-api-1.1.2.jar;D:\MAVEN_repository\org\junit\jupiter\junit-jupiter-params\5.9.3\junit-jupiter-params-5.9.3.jar;D:\MAVEN_repository\org\junit\jupiter\junit-jupiter-engine\5.9.3\junit-jupiter-engine-5.9.3.jar;D:\MAVEN_repository\org\junit\platform\junit-platform-engine\1.9.3\junit-platform-engine-1.9.3.jar;D:\MAVEN_repository\org\mockito\mockito-core\5.3.1\mockito-core-5.3.1.jar;D:\MAVEN_repository\net\bytebuddy\byte-buddy-agent\1.14.5\byte-buddy-agent-1.14.5.jar;D:\MAVEN_repository\org\objenesis\objenesis\3.3\objenesis-3.3.jar;D:\MAVEN_repository\org\mockito\mockito-junit-jupiter\5.3.1\mockito-junit-jupiter-5.3.1.jar;D:\MAVEN_repository\org\skyscreamer\jsonassert\1.5.1\jsonassert-1.5.1.jar;D:\MAVEN_repository\com\vaadin\external\google\android-json\0.0.20131108.vaadin1\android-json-0.0.20131108.vaadin1.jar;D:\MAVEN_repository\org\springframework\spring-core\6.0.11\spring-core-6.0.11.jar;D:\MAVEN_repository\org\springframework\spring-jcl\6.0.11\spring-jcl-6.0.11.jar;D:\MAVEN_repository\org\springframework\spring-test\6.0.11\spring-test-6.0.11.jar;D:\MAVEN_repository\org\xmlunit\xmlunit-core\2.9.1\xmlunit-core-2.9.1.jar;D:\MAVEN_repository\com\baomidou\mybatis-plus-boot-starter\3.5.3.1\mybatis-plus-boot-starter-3.5.3.1.jar;D:\MAVEN_repository\com\baomidou\mybatis-plus\3.5.3.1\mybatis-plus-3.5.3.1.jar;D:\MAVEN_repository\com\baomidou\mybatis-plus-extension\3.5.3.1\mybatis-plus-extension-3.5.3.1.jar;D:\MAVEN_repository\com\baomidou\mybatis-plus-core\3.5.3.1\mybatis-plus-core-3.5.3.1.jar;D:\MAVEN_repository\com\baomidou\mybatis-plus-annotation\3.5.3.1\mybatis-plus-annotation-3.5.3.1.jar;D:\MAVEN_repository\com\github\jsqlparser\jsqlparser\4.4\jsqlparser-4.4.jar;D:\MAVEN_repository\org\mybatis\mybatis\3.5.10\mybatis-3.5.10.jar;D:\MAVEN_repository\org\mybatis\mybatis-spring\2.0.7\mybatis-spring-2.0.7.jar;D:\MAVEN_repository\org\springframework\boot\spring-boot-autoconfigure\3.1.2\spring-boot-autoconfigure-3.1.2.jar;D:\MAVEN_repository\com\github\xiaoymin\knife4j-openapi3-jakarta-spring-boot-starter\4.5.0\knife4j-openapi3-jakarta-spring-boot-starter-4.5.0.jar;D:\MAVEN_repository\com\github\xiaoymin\knife4j-core\4.5.0\knife4j-core-4.5.0.jar;D:\MAVEN_repository\com\github\xiaoymin\knife4j-openapi3-ui\4.5.0\knife4j-openapi3-ui-4.5.0.jar;D:\MAVEN_repository\org\springdoc\springdoc-openapi-starter-webmvc-ui\2.3.0\springdoc-openapi-starter-webmvc-ui-2.3.0.jar;D:\MAVEN_repository\org\springdoc\springdoc-openapi-starter-webmvc-api\2.3.0\springdoc-openapi-starter-webmvc-api-2.3.0.jar;D:\MAVEN_repository\org\springdoc\springdoc-openapi-starter-common\2.3.0\springdoc-openapi-starter-common-2.3.0.jar;D:\MAVEN_repository\io\swagger\core\v3\swagger-core-jakarta\2.2.19\swagger-core-jakarta-2.2.19.jar;D:\MAVEN_repository\org\apache\commons\commons-lang3\3.12.0\commons-lang3-3.12.0.jar;D:\MAVEN_repository\io\swagger\core\v3\swagger-annotations-jakarta\2.2.19\swagger-annotations-jakarta-2.2.19.jar;D:\MAVEN_repository\io\swagger\core\v3\swagger-models-jakarta\2.2.19\swagger-models-jakarta-2.2.19.jar;D:\MAVEN_repository\jakarta\validation\jakarta.validation-api\3.0.2\jakarta.validation-api-3.0.2.jar;D:\MAVEN_repository\com\fasterxml\jackson\dataformat\jackson-dataformat-yaml\2.15.2\jackson-dataformat-yaml-2.15.2.jar;D:\MAVEN_repository\org\webjars\swagger-ui\5.10.3\swagger-ui-5.10.3.jar;D:\MAVEN_repository\jakarta\servlet\jakarta.servlet-api\6.0.0\jakarta.servlet-api-6.0.0.jar;D:\MAVEN_repository\cn\hutool\hutool-all\5.8.16\hutool-all-5.8.16.jar;D:\MAVEN_repository\com\fasterxml\jackson\core\jackson-databind\2.15.3\jackson-databind-2.15.3.jar;D:\MAVEN_repository\com\fasterxml\jackson\core\jackson-annotations\2.15.2\jackson-annotations-2.15.2.jar;D:\MAVEN_repository\com\fasterxml\jackson\core\jackson-core\2.15.2\jackson-core-2.15.2.jar;"/>
    <property name="java.vm.vendor" value="Oracle Corporation"/>
    <property name="sun.arch.data.model" value="64"/>
    <property name="user.variant" value=""/>
    <property name="java.vendor.url" value="https://java.oracle.com/"/>
    <property name="user.timezone" value="Asia/Shanghai"/>
    <property name="os.name" value="Windows 11"/>
    <property name="java.vm.specification.version" value="22"/>
    <property name="sun.java.launcher" value="SUN_STANDARD"/>
    <property name="user.country" value="CN"/>
    <property name="sun.boot.library.path" value="C:\Program Files\Java\jdk-22\bin"/>
    <property name="sun.java.command" value="C:\Users\25173\AppData\Local\Temp\surefire4352900182647141805\surefirebooter-20250523141617828_3.jar C:\Users\25173\AppData\Local\Temp\surefire4352900182647141805 2025-05-23T14-16-17_664-jvmRun1 surefire-20250523141617828_1tmp surefire_0-20250523141617828_2tmp"/>
    <property name="jdk.debug" value="release"/>
    <property name="surefire.test.class.path" value="D:\Git\myappserver\target\test-classes;D:\Git\myappserver\target\classes;D:\MAVEN_repository\org\springframework\boot\spring-boot-starter-data-jdbc\3.1.2\spring-boot-starter-data-jdbc-3.1.2.jar;D:\MAVEN_repository\org\springframework\data\spring-data-jdbc\3.1.2\spring-data-jdbc-3.1.2.jar;D:\MAVEN_repository\org\springframework\data\spring-data-relational\3.1.2\spring-data-relational-3.1.2.jar;D:\MAVEN_repository\org\springframework\data\spring-data-commons\3.1.2\spring-data-commons-3.1.2.jar;D:\MAVEN_repository\org\springframework\spring-tx\6.0.11\spring-tx-6.0.11.jar;D:\MAVEN_repository\org\springframework\spring-context\6.0.11\spring-context-6.0.11.jar;D:\MAVEN_repository\org\springframework\spring-beans\6.0.11\spring-beans-6.0.11.jar;D:\MAVEN_repository\org\slf4j\slf4j-api\2.0.7\slf4j-api-2.0.7.jar;D:\MAVEN_repository\org\springframework\boot\spring-boot-starter-jdbc\3.1.2\spring-boot-starter-jdbc-3.1.2.jar;D:\MAVEN_repository\org\springframework\boot\spring-boot-starter\3.1.2\spring-boot-starter-3.1.2.jar;D:\MAVEN_repository\org\springframework\boot\spring-boot\3.1.2\spring-boot-3.1.2.jar;D:\MAVEN_repository\org\springframework\boot\spring-boot-starter-logging\3.1.2\spring-boot-starter-logging-3.1.2.jar;D:\MAVEN_repository\ch\qos\logback\logback-classic\1.4.8\logback-classic-1.4.8.jar;D:\MAVEN_repository\ch\qos\logback\logback-core\1.4.8\logback-core-1.4.8.jar;D:\MAVEN_repository\org\apache\logging\log4j\log4j-to-slf4j\2.20.0\log4j-to-slf4j-2.20.0.jar;D:\MAVEN_repository\org\apache\logging\log4j\log4j-api\2.20.0\log4j-api-2.20.0.jar;D:\MAVEN_repository\org\slf4j\jul-to-slf4j\2.0.7\jul-to-slf4j-2.0.7.jar;D:\MAVEN_repository\jakarta\annotation\jakarta.annotation-api\2.1.1\jakarta.annotation-api-2.1.1.jar;D:\MAVEN_repository\org\yaml\snakeyaml\1.33\snakeyaml-1.33.jar;D:\MAVEN_repository\com\zaxxer\HikariCP\5.0.1\HikariCP-5.0.1.jar;D:\MAVEN_repository\org\springframework\spring-jdbc\6.0.11\spring-jdbc-6.0.11.jar;D:\MAVEN_repository\org\springframework\boot\spring-boot-starter-web\3.1.2\spring-boot-starter-web-3.1.2.jar;D:\MAVEN_repository\org\springframework\boot\spring-boot-starter-json\3.1.2\spring-boot-starter-json-3.1.2.jar;D:\MAVEN_repository\com\fasterxml\jackson\datatype\jackson-datatype-jdk8\2.15.2\jackson-datatype-jdk8-2.15.2.jar;D:\MAVEN_repository\com\fasterxml\jackson\datatype\jackson-datatype-jsr310\2.15.2\jackson-datatype-jsr310-2.15.2.jar;D:\MAVEN_repository\com\fasterxml\jackson\module\jackson-module-parameter-names\2.15.2\jackson-module-parameter-names-2.15.2.jar;D:\MAVEN_repository\org\springframework\boot\spring-boot-starter-tomcat\3.1.2\spring-boot-starter-tomcat-3.1.2.jar;D:\MAVEN_repository\org\apache\tomcat\embed\tomcat-embed-core\10.1.11\tomcat-embed-core-10.1.11.jar;D:\MAVEN_repository\org\apache\tomcat\embed\tomcat-embed-el\10.1.11\tomcat-embed-el-10.1.11.jar;D:\MAVEN_repository\org\apache\tomcat\embed\tomcat-embed-websocket\10.1.11\tomcat-embed-websocket-10.1.11.jar;D:\MAVEN_repository\org\springframework\spring-web\6.0.11\spring-web-6.0.11.jar;D:\MAVEN_repository\io\micrometer\micrometer-observation\1.11.2\micrometer-observation-1.11.2.jar;D:\MAVEN_repository\io\micrometer\micrometer-commons\1.11.2\micrometer-commons-1.11.2.jar;D:\MAVEN_repository\org\springframework\spring-webmvc\6.0.11\spring-webmvc-6.0.11.jar;D:\MAVEN_repository\org\springframework\spring-aop\6.0.11\spring-aop-6.0.11.jar;D:\MAVEN_repository\org\springframework\spring-expression\6.0.11\spring-expression-6.0.11.jar;D:\MAVEN_repository\com\mysql\mysql-connector-j\8.0.33\mysql-connector-j-8.0.33.jar;D:\MAVEN_repository\org\projectlombok\lombok\1.18.30\lombok-1.18.30.jar;D:\MAVEN_repository\org\springframework\boot\spring-boot-starter-test\3.1.2\spring-boot-starter-test-3.1.2.jar;D:\MAVEN_repository\org\springframework\boot\spring-boot-test\3.1.2\spring-boot-test-3.1.2.jar;D:\MAVEN_repository\org\springframework\boot\spring-boot-test-autoconfigure\3.1.2\spring-boot-test-autoconfigure-3.1.2.jar;D:\MAVEN_repository\com\jayway\jsonpath\json-path\2.8.0\json-path-2.8.0.jar;D:\MAVEN_repository\jakarta\xml\bind\jakarta.xml.bind-api\4.0.0\jakarta.xml.bind-api-4.0.0.jar;D:\MAVEN_repository\jakarta\activation\jakarta.activation-api\2.1.2\jakarta.activation-api-2.1.2.jar;D:\MAVEN_repository\net\minidev\json-smart\2.4.11\json-smart-2.4.11.jar;D:\MAVEN_repository\net\minidev\accessors-smart\2.4.11\accessors-smart-2.4.11.jar;D:\MAVEN_repository\org\ow2\asm\asm\9.3\asm-9.3.jar;D:\MAVEN_repository\org\assertj\assertj-core\3.24.2\assertj-core-3.24.2.jar;D:\MAVEN_repository\net\bytebuddy\byte-buddy\1.14.5\byte-buddy-1.14.5.jar;D:\MAVEN_repository\org\hamcrest\hamcrest\2.2\hamcrest-2.2.jar;D:\MAVEN_repository\org\junit\jupiter\junit-jupiter\5.9.3\junit-jupiter-5.9.3.jar;D:\MAVEN_repository\org\junit\jupiter\junit-jupiter-api\5.9.3\junit-jupiter-api-5.9.3.jar;D:\MAVEN_repository\org\opentest4j\opentest4j\1.2.0\opentest4j-1.2.0.jar;D:\MAVEN_repository\org\junit\platform\junit-platform-commons\1.9.3\junit-platform-commons-1.9.3.jar;D:\MAVEN_repository\org\apiguardian\apiguardian-api\1.1.2\apiguardian-api-1.1.2.jar;D:\MAVEN_repository\org\junit\jupiter\junit-jupiter-params\5.9.3\junit-jupiter-params-5.9.3.jar;D:\MAVEN_repository\org\junit\jupiter\junit-jupiter-engine\5.9.3\junit-jupiter-engine-5.9.3.jar;D:\MAVEN_repository\org\junit\platform\junit-platform-engine\1.9.3\junit-platform-engine-1.9.3.jar;D:\MAVEN_repository\org\mockito\mockito-core\5.3.1\mockito-core-5.3.1.jar;D:\MAVEN_repository\net\bytebuddy\byte-buddy-agent\1.14.5\byte-buddy-agent-1.14.5.jar;D:\MAVEN_repository\org\objenesis\objenesis\3.3\objenesis-3.3.jar;D:\MAVEN_repository\org\mockito\mockito-junit-jupiter\5.3.1\mockito-junit-jupiter-5.3.1.jar;D:\MAVEN_repository\org\skyscreamer\jsonassert\1.5.1\jsonassert-1.5.1.jar;D:\MAVEN_repository\com\vaadin\external\google\android-json\0.0.20131108.vaadin1\android-json-0.0.20131108.vaadin1.jar;D:\MAVEN_repository\org\springframework\spring-core\6.0.11\spring-core-6.0.11.jar;D:\MAVEN_repository\org\springframework\spring-jcl\6.0.11\spring-jcl-6.0.11.jar;D:\MAVEN_repository\org\springframework\spring-test\6.0.11\spring-test-6.0.11.jar;D:\MAVEN_repository\org\xmlunit\xmlunit-core\2.9.1\xmlunit-core-2.9.1.jar;D:\MAVEN_repository\com\baomidou\mybatis-plus-boot-starter\3.5.3.1\mybatis-plus-boot-starter-3.5.3.1.jar;D:\MAVEN_repository\com\baomidou\mybatis-plus\3.5.3.1\mybatis-plus-3.5.3.1.jar;D:\MAVEN_repository\com\baomidou\mybatis-plus-extension\3.5.3.1\mybatis-plus-extension-3.5.3.1.jar;D:\MAVEN_repository\com\baomidou\mybatis-plus-core\3.5.3.1\mybatis-plus-core-3.5.3.1.jar;D:\MAVEN_repository\com\baomidou\mybatis-plus-annotation\3.5.3.1\mybatis-plus-annotation-3.5.3.1.jar;D:\MAVEN_repository\com\github\jsqlparser\jsqlparser\4.4\jsqlparser-4.4.jar;D:\MAVEN_repository\org\mybatis\mybatis\3.5.10\mybatis-3.5.10.jar;D:\MAVEN_repository\org\mybatis\mybatis-spring\2.0.7\mybatis-spring-2.0.7.jar;D:\MAVEN_repository\org\springframework\boot\spring-boot-autoconfigure\3.1.2\spring-boot-autoconfigure-3.1.2.jar;D:\MAVEN_repository\com\github\xiaoymin\knife4j-openapi3-jakarta-spring-boot-starter\4.5.0\knife4j-openapi3-jakarta-spring-boot-starter-4.5.0.jar;D:\MAVEN_repository\com\github\xiaoymin\knife4j-core\4.5.0\knife4j-core-4.5.0.jar;D:\MAVEN_repository\com\github\xiaoymin\knife4j-openapi3-ui\4.5.0\knife4j-openapi3-ui-4.5.0.jar;D:\MAVEN_repository\org\springdoc\springdoc-openapi-starter-webmvc-ui\2.3.0\springdoc-openapi-starter-webmvc-ui-2.3.0.jar;D:\MAVEN_repository\org\springdoc\springdoc-openapi-starter-webmvc-api\2.3.0\springdoc-openapi-starter-webmvc-api-2.3.0.jar;D:\MAVEN_repository\org\springdoc\springdoc-openapi-starter-common\2.3.0\springdoc-openapi-starter-common-2.3.0.jar;D:\MAVEN_repository\io\swagger\core\v3\swagger-core-jakarta\2.2.19\swagger-core-jakarta-2.2.19.jar;D:\MAVEN_repository\org\apache\commons\commons-lang3\3.12.0\commons-lang3-3.12.0.jar;D:\MAVEN_repository\io\swagger\core\v3\swagger-annotations-jakarta\2.2.19\swagger-annotations-jakarta-2.2.19.jar;D:\MAVEN_repository\io\swagger\core\v3\swagger-models-jakarta\2.2.19\swagger-models-jakarta-2.2.19.jar;D:\MAVEN_repository\jakarta\validation\jakarta.validation-api\3.0.2\jakarta.validation-api-3.0.2.jar;D:\MAVEN_repository\com\fasterxml\jackson\dataformat\jackson-dataformat-yaml\2.15.2\jackson-dataformat-yaml-2.15.2.jar;D:\MAVEN_repository\org\webjars\swagger-ui\5.10.3\swagger-ui-5.10.3.jar;D:\MAVEN_repository\jakarta\servlet\jakarta.servlet-api\6.0.0\jakarta.servlet-api-6.0.0.jar;D:\MAVEN_repository\cn\hutool\hutool-all\5.8.16\hutool-all-5.8.16.jar;D:\MAVEN_repository\com\fasterxml\jackson\core\jackson-databind\2.15.3\jackson-databind-2.15.3.jar;D:\MAVEN_repository\com\fasterxml\jackson\core\jackson-annotations\2.15.2\jackson-annotations-2.15.2.jar;D:\MAVEN_repository\com\fasterxml\jackson\core\jackson-core\2.15.2\jackson-core-2.15.2.jar;"/>
    <property name="sun.cpu.endian" value="little"/>
    <property name="user.home" value="C:\Users\25173"/>
    <property name="user.language" value="zh"/>
    <property name="java.specification.vendor" value="Oracle Corporation"/>
    <property name="java.version.date" value="2024-07-16"/>
    <property name="java.home" value="C:\Program Files\Java\jdk-22"/>
    <property name="file.separator" value="\"/>
    <property name="basedir" value="D:\Git\myappserver"/>
    <property name="java.vm.compressedOopsMode" value="Zero based"/>
    <property name="line.separator" value="&#10;"/>
    <property name="java.vm.specification.vendor" value="Oracle Corporation"/>
    <property name="java.specification.name" value="Java Platform API Specification"/>
    <property name="FILE_LOG_CHARSET" value="UTF-8"/>
    <property name="java.awt.headless" value="true"/>
    <property name="surefire.real.class.path" value="C:\Users\25173\AppData\Local\Temp\surefire4352900182647141805\surefirebooter-20250523141617828_3.jar"/>
    <property name="user.script" value=""/>
    <property name="sun.management.compiler" value="HotSpot 64-Bit Tiered Compilers"/>
    <property name="java.runtime.version" value="22.0.2+9-70"/>
    <property name="user.name" value="25173"/>
    <property name="stdout.encoding" value="GBK"/>
    <property name="path.separator" value=";"/>
    <property name="os.version" value="10.0"/>
    <property name="java.runtime.name" value="Java(TM) SE Runtime Environment"/>
    <property name="file.encoding" value="UTF-8"/>
    <property name="java.vm.name" value="Java HotSpot(TM) 64-Bit Server VM"/>
    <property name="localRepository" value="D:\MAVEN_repository"/>
    <property name="java.vendor.url.bug" value="https://bugreport.java.com/bugreport/"/>
    <property name="java.io.tmpdir" value="C:\Users\25173\AppData\Local\Temp\"/>
    <property name="com.zaxxer.hikari.pool_number" value="1"/>
    <property name="java.version" value="22.0.2"/>
    <property name="user.dir" value="D:\Git\myappserver"/>
    <property name="os.arch" value="amd64"/>
    <property name="java.vm.specification.name" value="Java Virtual Machine Specification"/>
    <property name="PID" value="7076"/>
    <property name="sun.os.patch.level" value=""/>
    <property name="CONSOLE_LOG_CHARSET" value="UTF-8"/>
    <property name="native.encoding" value="GBK"/>
    <property name="java.library.path" value="C:\Program Files\Java\jdk-22\bin;C:\WINDOWS\Sun\Java\bin;C:\WINDOWS\system32;C:\WINDOWS;c:\msys64\ucrt64\bin;c:\msys64\ucrt64\libexec\gcc\x86_64-w64-mingw32\12.3.0;C:\Python313\Scripts\;C:\Python313\;D:\vmware\bin\;c:\Users\25173\AppData\Local\Programs\cursor\resources\app\bin;C:\Program Files\Common Files\Oracle\Java\javapath;C:\Program Files (x86)\Common Files\Oracle\Java\java8path;C:\Program Files (x86)\Common Files\Oracle\Java\javapath;C:\Windows\system32;C:\Windows;C:\Windows\System32\Wbem;C:\Windows\System32\WindowsPowerShell\v1.0\;C:\Windows\System32\OpenSSH\;C:\Program Files\dotnet\;C:\Program Files (x86)\Windows Kits\10\Windows Performance Toolkit\;C:\Program Files (x86)\Microsoft SQL Server\100\Tools\Binn\;C:\Program Files\Microsoft SQL Server\100\Tools\Binn\;C:\Program Files\Microsoft SQL Server\100\DTS\Binn\;C:\Program Files (x86)\Microsoft SQL Server\100\Tools\Binn\VSShell\Common7\IDE\;C:\Program Files (x86)\Microsoft SQL Server\100\DTS\Binn\;C:\Program Files\Microsoft SQL Server\150\Tools\Binn\;C:\Program Files\Microsoft SQL Server\Client SDK\ODBC\170\Tools\Binn\;D:\Matlab\runtime\win64;D:\Matlab\bin;D:\Matlab\polyspace\bin;C:\Users\25173\AppData\Local\Programs\Python\Launcher\;C:\;C:\Program Files\Git\cmd;C:\Program Files\Docker\Docker\resources\bin;C:\Users\25173\AppData\Local\Programs\Python\Python312;D:\WPS Office\CTEX\UserData\miktex\bin;D:\WPS Office\CTEX\MiKTeX\miktex\bin\x64;D:\WPS Office\CTEX\CTeX\ctex\bin;D:\WPS Office\CTEX\CTeX\cct\bin;D:\WPS Office\CTEX\CTeX\ty\bin;D:\WPS Office\CTEX\Ghostscript\gs10.01.1\bin;D:\WPS Office\CTEX\WinEdt;D:\Redis;C:\Program Files\Vagrant\bin;C:\ProgramData\chocolatey\bin;D:\nvm;D:\nodejs;D:\sqlite;C:\WINDOWS\system32;C:\WINDOWS;C:\WINDOWS\System32\Wbem;C:\WINDOWS\System32\WindowsPowerShell\v1.0\;C:\WINDOWS\System32\OpenSSH\;;C:\1\OpenGrADS-2.2\Contents\Cygwin\Versions\2.2.1.oga.1\i686;C:\Users\25173\AppData\Local\Programs\Python\Python311\Scripts\;C:\Users\25173\AppData\Local\Programs\Python\Python311\;C:\Users\25173\AppData\Local\Programs\Python\Launcher\;C:\Users\25173\AppData\Local\Microsoft\WindowsApps;C:\Users\25173\.dotnet\tools;C:\Users\25173\AppData\Local\Programs\Microsoft VS Code\bin;C:\msys64\ucrt64\bin;C:\Program Files\Java\jdk-22\\bin;C:\Program Files\Java\jdk-22\\jre\bin;C:\Program Files\MySQL;D:\apache-maven-3.9.9\bin;D:\apache-maven-3.9.9\bin;D:\PyCharm 2024.2.3\bin;;C:\Users\25173\AppData\Local\GitHubDesktop\bin;D:\cpolar\;D:\CLion 2024.2.2\bin;;D:\nvm;D:\nodejs;D:\cursor\resources\app\bin;."/>
    <property name="java.vm.info" value="mixed mode, sharing"/>
    <property name="stderr.encoding" value="GBK"/>
    <property name="java.vendor" value="Oracle Corporation"/>
    <property name="java.vm.version" value="22.0.2+9-70"/>
    <property name="sun.io.unicode.encoding" value="UnicodeLittle"/>
    <property name="java.class.version" value="66.0"/>
  </properties>
  <testcase name="contextLoads" classname="com.myapp.server.MyappserverApplicationTests" time="0.583">
    <system-out><![CDATA[14:16:18.891 [main] INFO org.springframework.test.context.support.AnnotationConfigContextLoaderUtils -- Could not detect default configuration classes for test class [com.myapp.server.MyappserverApplicationTests]: MyappserverApplicationTests does not declare any static, non-private, non-final, nested classes annotated with @Configuration.
14:16:19.034 [main] INFO org.springframework.boot.test.context.SpringBootTestContextBootstrapper -- Found @SpringBootConfiguration com.myapp.server.MyappserverApplication for test class com.myapp.server.MyappserverApplicationTests

  .   ____          _            __ _ _
 /\\ / ___'_ __ _ _(_)_ __  __ _ \ \ \ \
( ( )\___ | '_ | '_| | '_ \/ _` | \ \ \ \
 \\/  ___)| |_)| | | | | || (_| |  ) ) ) )
  '  |____| .__|_| |_|_| |_\__, | / / / /
 =========|_|==============|___/=/_/_/_/
 :: Spring Boot ::                (v3.1.2)

2025-05-23T14:16:19.636+08:00  INFO 7076 --- [           main] c.m.server.MyappserverApplicationTests   : Starting MyappserverApplicationTests using Java 22.0.2 with PID 7076 (started by 25173 in D:\Git\myappserver)
2025-05-23T14:16:19.638+08:00  INFO 7076 --- [           main] c.m.server.MyappserverApplicationTests   : No active profile set, falling back to 1 default profile: "default"
2025-05-23T14:16:20.418+08:00  INFO 7076 --- [           main] .s.d.r.c.RepositoryConfigurationDelegate : Bootstrapping Spring Data JDBC repositories in DEFAULT mode.
2025-05-23T14:16:20.438+08:00  INFO 7076 --- [           main] .s.d.r.c.RepositoryConfigurationDelegate : Finished Spring Data repository scanning in 14 ms. Found 0 JDBC repository interfaces.
 _ _   |_  _ _|_. ___ _ |    _ 
| | |\/|_)(_| | |_\  |_)||_|_\ 
     /               |         
                        3.5.3.1 
2025-05-23T14:16:22.117+08:00  INFO 7076 --- [           main] com.zaxxer.hikari.HikariDataSource       : HikariPool-1 - Starting...
2025-05-23T14:16:22.304+08:00  INFO 7076 --- [           main] com.zaxxer.hikari.pool.HikariPool        : HikariPool-1 - Added connection com.mysql.cj.jdbc.ConnectionImpl@24aedcc5
2025-05-23T14:16:22.306+08:00  INFO 7076 --- [           main] com.zaxxer.hikari.HikariDataSource       : HikariPool-1 - Start completed.
2025-05-23T14:16:22.472+08:00  INFO 7076 --- [           main] c.m.server.MyappserverApplicationTests   : Started MyappserverApplicationTests in 3.299 seconds (process running for 4.534)
]]></system-out>
    <system-err><![CDATA[WARNING: A Java agent has been loaded dynamically (D:\MAVEN_repository\net\bytebuddy\byte-buddy-agent\1.14.5\byte-buddy-agent-1.14.5.jar)
WARNING: If a serviceability tool is in use, please run with -XX:+EnableDynamicAgentLoading to hide this warning
WARNING: If a serviceability tool is not in use, please run with -Djdk.instrument.traceUsage for more information
WARNING: Dynamic loading of agents will be disallowed by default in a future release
]]></system-err>
  </testcase>
</testsuite>